<?xml version="1.0" encoding="UTF-8"?>
<testsuite xmlns:xsi="http://www.w3.org/2001/XMLSchema-instance" xsi:noNamespaceSchemaLocation="https://maven.apache.org/surefire/maven-surefire-plugin/xsd/surefire-test-report.xsd" name="TestRunner" time="17.836" tests="2" errors="0" skipped="0" failures="0">
  <properties>
[...]
</properties>
  <testcase name="User will hit US API and get response" classname="In this we will test Zippo API" time="5.419"/>
  <testcase name="Authorized user is able to add and remove books." classname="End to end testing for ToolsQA book Api" time="11.797"/>
</testsuite>